C:\Program Files (x86)\Microsoft Visual Studio\2019\Professional\MSBuild\Microsoft\VC\v160\Microsoft.CppBuild.targets(491,5): warning MSB8028: The intermediate directory (x64\Release\) contains files shared from another project (THPS Level Editor.vcxproj).  This can lead to incorrect clean and rebuild behavior.
cl : command line warning D9025: overriding '/sdl-' with '/GS-'
cl : command line warning D9025: overriding '/sdl-' with '/GS-'
cl : command line warning D9025: overriding '/sdl-' with '/GS-'
cl : command line warning D9025: overriding '/sdl-' with '/GS-'
  Render.cpp
  THPSLevel.cpp
  Th2xScene.cpp
cl : command line warning D9025: overriding '/sdl-' with '/GS-'
cl : command line warning D9025: overriding '/sdl-' with '/GS-'
cl : command line warning D9025: overriding '/sdl-' with '/GS-'
  Script.cpp
cl : command line warning D9025: overriding '/sdl-' with '/GS-'
  Camera.cpp
  Collision.cpp
cl : command line warning D9025: overriding '/sdl-' with '/GS-'
  Mesh.cpp
  Scene.cpp
  Th2Scene.cpp
  Th4Scene.cpp
  eventhandler.cpp
  Generating code
  Finished generating code
  THPS Level Editor.vcxproj -> C:\Users\Vadru\Documents\Visual Studio 2019\THPS LevelEd\x64\Release\THPS LevelEd.exe
