c:\users\vadru\documents\visual studio 2012\projects\thpslevel\thps level editor\x64\release\thpslevel.obj
c:\users\vadru\documents\visual studio 2012\projects\thpslevel\thps level editor\x64\release\assemblyinfo.obj
c:\users\vadru\documents\visual studio 2012\projects\thpslevel\thps level editor\x64\release\vc110.pdb
c:\users\vadru\documents\visual studio 2012\projects\thpslevel\thps level editor\x64\release\collision.obj
c:\users\vadru\documents\visual studio 2012\projects\thpslevel\thps level editor\x64\release\imagehandling.obj
c:\users\vadru\documents\visual studio 2012\projects\thpslevel\thps level editor\x64\release\stdafx.obj
c:\users\vadru\documents\visual studio 2012\projects\thpslevel\thps level editor\x64\release\th2scene.obj
c:\users\vadru\documents\visual studio 2012\projects\thpslevel\thps level editor\x64\release\eventhandler.obj
c:\users\vadru\documents\visual studio 2012\projects\thpslevel\thps level editor\x64\release\scene.obj
c:\users\vadru\documents\visual studio 2012\projects\thpslevel\thps level editor\x64\release\camera.obj
c:\users\vadru\documents\visual studio 2012\projects\thpslevel\thps level editor\x64\release\mesh.obj
c:\users\vadru\documents\visual studio 2012\projects\thpslevel\thps level editor\x64\release\th4scene.obj
c:\users\vadru\documents\visual studio 2012\projects\thpslevel\thps level editor\x64\release\checksum.obj
c:\users\vadru\documents\visual studio 2012\projects\thpslevel\thps level editor\x64\release\material.obj
c:\users\vadru\documents\visual studio 2012\projects\thpslevel\thps level editor\x64\release\script.obj
c:\users\vadru\documents\visual studio 2012\projects\thpslevel\thps level editor\x64\release\.netframework,version=v4.5.assemblyattributes.obj
c:\users\vadru\documents\visual studio 2012\projects\thpslevel\thps level editor\x64\release\app.res
c:\users\vadru\documents\visual studio 2012\projects\thpslevel\thps level editor\x64\release\thpsleveleditor.thpslevel.resources
c:\users\ojojoj\documents\visual studio 2013\projects\thpslevel\thps level editor\x64\release\assemblyinfo.obj
c:\users\ojojoj\documents\visual studio 2013\projects\thpslevel\thps level editor\x64\release\thpslevel.obj
c:\users\ojojoj\documents\visual studio 2013\projects\thpslevel\thps level editor\x64\release\render.obj
c:\users\ojojoj\documents\visual studio 2013\projects\thpslevel\thps level editor\x64\release\vc120.pdb
c:\users\ojojoj\documents\visual studio 2013\projects\thpslevel\thps level editor\x64\release\checksum.obj
c:\users\ojojoj\documents\visual studio 2013\projects\thpslevel\thps level editor\x64\release\imagehandling.obj
c:\users\ojojoj\documents\visual studio 2013\projects\thpslevel\thps level editor\x64\release\th4scene.obj
c:\users\ojojoj\documents\visual studio 2013\projects\thpslevel\thps level editor\x64\release\camera.obj
c:\users\ojojoj\documents\visual studio 2013\projects\thpslevel\thps level editor\x64\release\material.obj
c:\users\ojojoj\documents\visual studio 2013\projects\thpslevel\thps level editor\x64\release\stdafx.obj
c:\users\ojojoj\documents\visual studio 2013\projects\thpslevel\thps level editor\x64\release\th2scene.obj
c:\users\ojojoj\documents\visual studio 2013\projects\thpslevel\thps level editor\x64\release\collision.obj
c:\users\ojojoj\documents\visual studio 2013\projects\thpslevel\thps level editor\x64\release\mesh.obj
c:\users\ojojoj\documents\visual studio 2013\projects\thpslevel\thps level editor\x64\release\eventhandler.obj
c:\users\ojojoj\documents\visual studio 2013\projects\thpslevel\thps level editor\x64\release\scene.obj
c:\users\ojojoj\documents\visual studio 2013\projects\thpslevel\thps level editor\x64\release\script.obj
c:\users\ojojoj\documents\visual studio 2013\projects\thpslevel\thps level editor\x64\release\.netframework,version=v4.5.assemblyattributes.obj
c:\users\ojojoj\documents\visual studio 2013\projects\thpslevel\x64\release\thps level editor.exe
c:\users\ojojoj\documents\visual studio 2013\projects\thpslevel\x64\release\thps level editor.pdb
c:\users\ojojoj\documents\visual studio 2013\projects\thpslevel\thps level editor\x64\release\app.res
c:\users\ojojoj\documents\visual studio 2013\projects\thpslevel\thps level editor\x64\release\thpsleveleditor.thpslevel.resources
c:\users\ojojoj\documents\visual studio 2013\projects\thpslevel\thps level editor\x64\release\thps level editor.vcxproj.generateresource.cache
c:\users\ojojoj\documents\visual studio 2013\projects\thpslevel\thps level editor\x64\release\thps level editor.vcxprojresolveassemblyreference.cache
c:\users\ojojoj\documents\visual studio 2013\projects\thpslevel\thps level editor\x64\release\cl.2628.read.1.tlog
c:\users\ojojoj\documents\visual studio 2013\projects\thpslevel\thps level editor\x64\release\cl.2628.write.1.tlog
c:\users\ojojoj\documents\visual studio 2013\projects\thpslevel\thps level editor\x64\release\cl.3200.read.1.tlog
c:\users\ojojoj\documents\visual studio 2013\projects\thpslevel\thps level editor\x64\release\cl.3200.write.1.tlog
c:\users\ojojoj\documents\visual studio 2013\projects\thpslevel\thps level editor\x64\release\cl.3488.read.1.tlog
c:\users\ojojoj\documents\visual studio 2013\projects\thpslevel\thps level editor\x64\release\cl.3488.write.1.tlog
c:\users\ojojoj\documents\visual studio 2013\projects\thpslevel\thps level editor\x64\release\cl.5012.read.1.tlog
c:\users\ojojoj\documents\visual studio 2013\projects\thpslevel\thps level editor\x64\release\cl.5012.write.1.tlog
c:\users\ojojoj\documents\visual studio 2013\projects\thpslevel\thps level editor\x64\release\cl.5064.read.1.tlog
c:\users\ojojoj\documents\visual studio 2013\projects\thpslevel\thps level editor\x64\release\cl.5064.write.1.tlog
c:\users\ojojoj\documents\visual studio 2013\projects\thpslevel\thps level editor\x64\release\cl.6020.read.1.tlog
c:\users\ojojoj\documents\visual studio 2013\projects\thpslevel\thps level editor\x64\release\cl.6020.write.1.tlog
c:\users\ojojoj\documents\visual studio 2013\projects\thpslevel\thps level editor\x64\release\cl.command.1.tlog
c:\users\ojojoj\documents\visual studio 2013\projects\thpslevel\thps level editor\x64\release\cl.read.1.tlog
c:\users\ojojoj\documents\visual studio 2013\projects\thpslevel\thps level editor\x64\release\cl.write.1.tlog
c:\users\ojojoj\documents\visual studio 2013\projects\thpslevel\thps level editor\x64\release\link.command.1.tlog
c:\users\ojojoj\documents\visual studio 2013\projects\thpslevel\thps level editor\x64\release\link.read.1.tlog
c:\users\ojojoj\documents\visual studio 2013\projects\thpslevel\thps level editor\x64\release\link.write.1.tlog
c:\users\ojojoj\documents\visual studio 2013\projects\thpslevel\thps level editor\x64\release\metagen.read.1.tlog
c:\users\ojojoj\documents\visual studio 2013\projects\thpslevel\thps level editor\x64\release\metagen.write.1.tlog
c:\users\ojojoj\documents\visual studio 2013\projects\thpslevel\thps level editor\x64\release\rc.command.1.tlog
c:\users\ojojoj\documents\visual studio 2013\projects\thpslevel\thps level editor\x64\release\rc.read.1.tlog
c:\users\ojojoj\documents\visual studio 2013\projects\thpslevel\thps level editor\x64\release\rc.write.1.tlog
c:\users\ojojoj\documents\visual studio 2013\projects\thpslevel\thps level editor\x64\release\thps level editor.write.1.tlog
c:\users\ojojoj\documents\visual studio 2013\projects\thpslevel\thps level editor\x64\release\vc110.pdb
c:\users\ojojoj\documents\visual studio 2013\projects\thpslevel\thps level editor\x64\release\rsaenh.dll.bi
c:\users\ojojoj\documents\visual studio 2013\projects\thpslevel\thps level editor\x64\release\tzres.dll.bi
c:\users\ojojoj\documents\visual studio 2013\projects\thpslevel\thps level editor\x64\release\thps lev.455cff00.tlog\cl.command.1.tlog
c:\users\ojojoj\documents\visual studio 2013\projects\thpslevel\thps level editor\x64\release\thps lev.455cff00.tlog\cl.read.1.tlog
c:\users\ojojoj\documents\visual studio 2013\projects\thpslevel\thps level editor\x64\release\thps lev.455cff00.tlog\cl.write.1.tlog
c:\users\ojojoj\documents\visual studio 2013\projects\thpslevel\thps level editor\x64\release\thps lev.455cff00.tlog\link.command.1.tlog
c:\users\ojojoj\documents\visual studio 2013\projects\thpslevel\thps level editor\x64\release\thps lev.455cff00.tlog\link.read.1.tlog
c:\users\ojojoj\documents\visual studio 2013\projects\thpslevel\thps level editor\x64\release\thps lev.455cff00.tlog\link.write.1.tlog
c:\users\ojojoj\documents\visual studio 2013\projects\thpslevel\thps level editor\x64\release\thps lev.455cff00.tlog\metagen.read.1.tlog
c:\users\ojojoj\documents\visual studio 2013\projects\thpslevel\thps level editor\x64\release\thps lev.455cff00.tlog\metagen.write.1.tlog
c:\users\ojojoj\documents\visual studio 2013\projects\thpslevel\thps level editor\x64\release\thps lev.455cff00.tlog\rc.command.1.tlog
c:\users\ojojoj\documents\visual studio 2013\projects\thpslevel\thps level editor\x64\release\thps lev.455cff00.tlog\rc.read.1.tlog
c:\users\ojojoj\documents\visual studio 2013\projects\thpslevel\thps level editor\x64\release\thps lev.455cff00.tlog\rc.write.1.tlog
c:\users\ojojoj\documents\visual studio 2013\projects\thpslevel\thps level editor\x64\release\thps lev.455cff00.tlog\thps level editor.write.1u.tlog
c:\users\ojojoj\documents\visual studio 2013\projects\thpslevel\thps level editor\x64\release\thps lev.455cff00.tlog\rsaenh.dll.bi
c:\users\ojojoj\documents\visual studio 2013\projects\thpslevel\thps level editor\x64\release\thps lev.455cff00.tlog\tzres.dll.bi
