c:\users\ojojoj\documents\visual studio 2015\projects\thps leveled\thps level editor\debug\thps leveled.pch
c:\users\ojojoj\documents\visual studio 2015\projects\thps leveled\thps level editor\debug\vc140.pdb
c:\users\ojojoj\documents\visual studio 2015\projects\thps leveled\thps level editor\debug\stdafx.obj
c:\users\vadru\documents\visual studio 2019\thps leveled\thps level editor\debug\thps leveled.pch
c:\users\vadru\documents\visual studio 2019\thps leveled\thps level editor\debug\vc142.pdb
c:\users\vadru\documents\visual studio 2019\thps leveled\thps level editor\debug\stdafx.obj
c:\users\vadru\documents\visual studio 2019\thps leveled\thps level editor\debug\zip.obj
c:\users\vadru\documents\visual studio 2019\thps leveled\thps level editor\debug\unzip.obj
c:\users\vadru\documents\visual studio 2019\thps leveled\thps level editor\debug\thpslevel.obj
c:\users\vadru\documents\visual studio 2019\thps leveled\thps level editor\debug\th2xscene.obj
c:\users\vadru\documents\visual studio 2019\thps leveled\thps level editor\debug\striper.obj
c:\users\vadru\documents\visual studio 2019\thps leveled\thps level editor\debug\revisitedradix.obj
c:\users\vadru\documents\visual studio 2019\thps leveled\thps level editor\debug\customarray.obj
c:\users\vadru\documents\visual studio 2019\thps leveled\thps level editor\debug\assemblyinfo.obj
c:\users\vadru\documents\visual studio 2019\thps leveled\thps level editor\debug\adjacency.obj
c:\users\vadru\documents\visual studio 2019\thps leveled\thps level editor\debug\script.obj
c:\users\vadru\documents\visual studio 2019\thps leveled\thps level editor\debug\th4scene.obj
c:\users\vadru\documents\visual studio 2019\thps leveled\thps level editor\debug\th2scene.obj
c:\users\vadru\documents\visual studio 2019\thps leveled\thps level editor\debug\scene.obj
c:\users\vadru\documents\visual studio 2019\thps leveled\thps level editor\debug\render.obj
c:\users\vadru\documents\visual studio 2019\thps leveled\thps level editor\debug\mesh.obj
c:\users\vadru\documents\visual studio 2019\thps leveled\thps level editor\debug\material.obj
c:\users\vadru\documents\visual studio 2019\thps leveled\thps level editor\debug\imagehandling.obj
c:\users\vadru\documents\visual studio 2019\thps leveled\thps level editor\debug\eventhandler.obj
c:\users\vadru\documents\visual studio 2019\thps leveled\thps level editor\debug\collision.obj
c:\users\vadru\documents\visual studio 2019\thps leveled\thps level editor\debug\checksum.obj
c:\users\vadru\documents\visual studio 2019\thps leveled\thps level editor\debug\camera.obj
c:\users\vadru\documents\visual studio 2019\thps leveled\thps level editor\debug\.netframework,version=v4.5.2.assemblyattributes.obj
c:\users\vadru\documents\visual studio 2019\thps leveled\thps level editor\debug\.netframework,version=v4.5.2.assemblyattributes.asm
c:\users\vadru\documents\visual studio 2019\thps leveled\thps level editor\debug\app.res
c:\users\vadru\documents\visual studio 2019\thps leveled\thps level editor\debug\thpsleveleditor.thpslevel.resources
c:\users\vadru\documents\visual studio 2019\thps leveled\thps level editor\debug\thps level editor.vcxproj.generateresource.cache
c:\users\vadru\documents\visual studio 2019\thps leveled\thps level editor\debug\thps level editor.vcxprojassemblyreference.cache
c:\users\vadru\documents\visual studio 2019\thps leveled\thps level editor\debug\vc140.pdb
c:\users\vadru\documents\visual studio 2019\thps leveled\thps level editor\debug\thps leveled.tlog\cl.command.1.tlog
c:\users\vadru\documents\visual studio 2019\thps leveled\thps level editor\debug\thps leveled.tlog\cl.read.1.tlog
c:\users\vadru\documents\visual studio 2019\thps leveled\thps level editor\debug\thps leveled.tlog\cl.write.1.tlog
c:\users\vadru\documents\visual studio 2019\thps leveled\thps level editor\debug\thps leveled.tlog\link.1156.read.1.tlog
c:\users\vadru\documents\visual studio 2019\thps leveled\thps level editor\debug\thps leveled.tlog\link.1156.write.1.tlog
c:\users\vadru\documents\visual studio 2019\thps leveled\thps level editor\debug\thps leveled.tlog\link.command.1.tlog
c:\users\vadru\documents\visual studio 2019\thps leveled\thps level editor\debug\thps leveled.tlog\link.read.1.tlog
c:\users\vadru\documents\visual studio 2019\thps leveled\thps level editor\debug\thps leveled.tlog\link.write.1.tlog
c:\users\vadru\documents\visual studio 2019\thps leveled\thps level editor\debug\thps leveled.tlog\metagen.read.1.tlog
c:\users\vadru\documents\visual studio 2019\thps leveled\thps level editor\debug\thps leveled.tlog\metagen.write.1.tlog
c:\users\vadru\documents\visual studio 2019\thps leveled\thps level editor\debug\thps leveled.tlog\rc.command.1.tlog
c:\users\vadru\documents\visual studio 2019\thps leveled\thps level editor\debug\thps leveled.tlog\rc.read.1.tlog
c:\users\vadru\documents\visual studio 2019\thps leveled\thps level editor\debug\thps leveled.tlog\rc.write.1.tlog
c:\users\vadru\documents\visual studio 2019\thps leveled\thps level editor\debug\thps leveled.tlog\thps leveled.write.1u.tlog
c:\users\vadru\documents\visual studio 2019\thps leveled\thps level editor\debug\thps leveled.tlog\clui.dll.bi
