C:\USERS\VADRU\DOCUMENTS\VISUAL STUDIO 2010\PROJECTS\THPSLEVEL\THPS-LEVEL-EDITOR\TRUNK\THPS LEVEL EDITOR\DEBUG\THPS LEVEL EDITOR.PCH
C:\USERS\VADRU\DOCUMENTS\VISUAL STUDIO 2010\PROJECTS\THPSLEVEL\THPS-LEVEL-EDITOR\TRUNK\THPS LEVEL EDITOR\DEBUG\STDAFX.OBJ
C:\USERS\VADRU\DOCUMENTS\VISUAL STUDIO 2010\PROJECTS\THPSLEVEL\THPS-LEVEL-EDITOR\TRUNK\THPS LEVEL EDITOR\DEBUG\VC100.PDB
C:\USERS\VADRU\DOCUMENTS\VISUAL STUDIO 2010\PROJECTS\THPSLEVEL\THPS-LEVEL-EDITOR\TRUNK\THPS LEVEL EDITOR\DEBUG\THPSLEVEL.OBJ
C:\USERS\VADRU\DOCUMENTS\VISUAL STUDIO 2010\PROJECTS\THPSLEVEL\THPS-LEVEL-EDITOR\TRUNK\THPS LEVEL EDITOR\DEBUG\TH4SCENE.OBJ
C:\USERS\VADRU\DOCUMENTS\VISUAL STUDIO 2010\PROJECTS\THPSLEVEL\THPS-LEVEL-EDITOR\TRUNK\THPS LEVEL EDITOR\DEBUG\TH2SCENE.OBJ
C:\USERS\VADRU\DOCUMENTS\VISUAL STUDIO 2010\PROJECTS\THPSLEVEL\THPS-LEVEL-EDITOR\TRUNK\THPS LEVEL EDITOR\DEBUG\MESH.OBJ
C:\USERS\VADRU\DOCUMENTS\VISUAL STUDIO 2010\PROJECTS\THPSLEVEL\THPS-LEVEL-EDITOR\TRUNK\THPS LEVEL EDITOR\DEBUG\MATERIAL.OBJ
C:\USERS\VADRU\DOCUMENTS\VISUAL STUDIO 2010\PROJECTS\THPSLEVEL\THPS-LEVEL-EDITOR\TRUNK\THPS LEVEL EDITOR\DEBUG\EVENTHANDLER.OBJ
C:\USERS\VADRU\DOCUMENTS\VISUAL STUDIO 2010\PROJECTS\THPSLEVEL\THPS-LEVEL-EDITOR\TRUNK\THPS LEVEL EDITOR\DEBUG\COLLISION.OBJ
C:\USERS\VADRU\DOCUMENTS\VISUAL STUDIO 2010\PROJECTS\THPSLEVEL\THPS-LEVEL-EDITOR\TRUNK\THPS LEVEL EDITOR\DEBUG\CHECKSUM.OBJ
C:\USERS\VADRU\DOCUMENTS\VISUAL STUDIO 2010\PROJECTS\THPSLEVEL\THPS-LEVEL-EDITOR\TRUNK\THPS LEVEL EDITOR\DEBUG\CAMERA.OBJ
C:\USERS\VADRU\DOCUMENTS\VISUAL STUDIO 2010\PROJECTS\THPSLEVEL\THPS-LEVEL-EDITOR\TRUNK\THPS LEVEL EDITOR\DEBUG\ASSEMBLYINFO.OBJ
C:\USERS\VADRU\DOCUMENTS\VISUAL STUDIO 2010\PROJECTS\THPSLEVEL\THPS-LEVEL-EDITOR\TRUNK\THPS LEVEL EDITOR\DEBUG\SCENE.OBJ
C:\USERS\VADRU\DOCUMENTS\VISUAL STUDIO 2010\PROJECTS\THPSLEVEL\THPS-LEVEL-EDITOR\TRUNK\THPS LEVEL EDITOR\DEBUG\IMAGEHANDLING.OBJ
C:\USERS\VADRU\DOCUMENTS\VISUAL STUDIO 2012\PROJECTS\THPSLEVEL\THPS LEVEL EDITOR\DEBUG\THPSLEVEL.OBJ
C:\USERS\VADRU\DOCUMENTS\VISUAL STUDIO 2012\PROJECTS\THPSLEVEL\THPS LEVEL EDITOR\DEBUG\TH4SCENE.OBJ
C:\USERS\VADRU\DOCUMENTS\VISUAL STUDIO 2012\PROJECTS\THPSLEVEL\THPS LEVEL EDITOR\DEBUG\TH2SCENE.OBJ
C:\USERS\VADRU\DOCUMENTS\VISUAL STUDIO 2012\PROJECTS\THPSLEVEL\THPS LEVEL EDITOR\DEBUG\SCENE.OBJ
C:\USERS\VADRU\DOCUMENTS\VISUAL STUDIO 2012\PROJECTS\THPSLEVEL\THPS LEVEL EDITOR\DEBUG\MESH.OBJ
C:\USERS\VADRU\DOCUMENTS\VISUAL STUDIO 2012\PROJECTS\THPSLEVEL\THPS LEVEL EDITOR\DEBUG\MATERIAL.OBJ
C:\USERS\VADRU\DOCUMENTS\VISUAL STUDIO 2012\PROJECTS\THPSLEVEL\THPS LEVEL EDITOR\DEBUG\IMAGEHANDLING.OBJ
C:\USERS\VADRU\DOCUMENTS\VISUAL STUDIO 2012\PROJECTS\THPSLEVEL\THPS LEVEL EDITOR\DEBUG\EVENTHANDLER.OBJ
C:\USERS\VADRU\DOCUMENTS\VISUAL STUDIO 2012\PROJECTS\THPSLEVEL\THPS LEVEL EDITOR\DEBUG\COLLISION.OBJ
C:\USERS\VADRU\DOCUMENTS\VISUAL STUDIO 2012\PROJECTS\THPSLEVEL\THPS LEVEL EDITOR\DEBUG\CHECKSUM.OBJ
C:\USERS\VADRU\DOCUMENTS\VISUAL STUDIO 2012\PROJECTS\THPSLEVEL\THPS LEVEL EDITOR\DEBUG\CAMERA.OBJ
C:\USERS\VADRU\DOCUMENTS\VISUAL STUDIO 2012\PROJECTS\THPSLEVEL\THPS LEVEL EDITOR\DEBUG\ASSEMBLYINFO.OBJ
C:\USERS\VADRU\DOCUMENTS\VISUAL STUDIO 2012\PROJECTS\THPSLEVEL\THPS LEVEL EDITOR\DEBUG\.NETFRAMEWORK,VERSION=V4.0.ASSEMBLYATTRIBUTES.OBJ
C:\USERS\VADRU\DOCUMENTS\VISUAL STUDIO 2012\PROJECTS\THPSLEVEL\THPS LEVEL EDITOR\DEBUG\VC100.PDB
C:\USERS\VADRU\DOCUMENTS\VISUAL STUDIO 2012\PROJECTS\THPSLEVEL\THPS LEVEL EDITOR\DEBUG\THPS LEVEL EDITOR.PCH
C:\USERS\VADRU\DOCUMENTS\VISUAL STUDIO 2012\PROJECTS\THPSLEVEL\THPS LEVEL EDITOR\DEBUG\STDAFX.OBJ
C:\USERS\VADRU\DOCUMENTS\VISUAL STUDIO 2012\PROJECTS\THPSLEVEL\THPS LEVEL EDITOR\DEBUG\VC110.PDB
C:\USERS\VADRU\DOCUMENTS\VISUAL STUDIO 2012\PROJECTS\THPSLEVEL\THPS LEVEL EDITOR\DEBUG\SCRIPT.OBJ
C:\USERS\VADRU\DOCUMENTS\VISUAL STUDIO 2012\PROJECTS\THPSLEVEL\THPS LEVEL EDITOR\DEBUG\RENDER.OBJ
C:\USERS\VADRU\DOCUMENTS\VISUAL STUDIO 2012\PROJECTS\THPSLEVEL\THPS LEVEL EDITOR\DEBUG\.NETFRAMEWORK,VERSION=V4.5.ASSEMBLYATTRIBUTES.OBJ
C:\USERS\VADRU\DOCUMENTS\VISUAL STUDIO 2010\PROJECTS\THPSLEVEL\THPS-LEVEL-EDITOR\TRUNK\DEBUG\THPS LEVEL EDITOR.ILK
C:\USERS\VADRU\DOCUMENTS\VISUAL STUDIO 2010\PROJECTS\THPSLEVEL\THPS-LEVEL-EDITOR\TRUNK\DEBUG\THPS LEVEL EDITOR.EXE
C:\USERS\VADRU\DOCUMENTS\VISUAL STUDIO 2010\PROJECTS\THPSLEVEL\THPS-LEVEL-EDITOR\TRUNK\THPS LEVEL EDITOR\DEBUG\THPS LEVEL EDITOR.EXE.INTERMEDIATE.MANIFEST
C:\USERS\VADRU\DOCUMENTS\VISUAL STUDIO 2010\PROJECTS\THPSLEVEL\THPS-LEVEL-EDITOR\TRUNK\DEBUG\THPS LEVEL EDITOR.PDB
C:\USERS\VADRU\DOCUMENTS\VISUAL STUDIO 2012\PROJECTS\THPSLEVEL\DEBUG\THPS LEVEL EDITOR.ILK
C:\USERS\VADRU\DOCUMENTS\VISUAL STUDIO 2012\PROJECTS\THPSLEVEL\DEBUG\THPS LEVEL EDITOR.EXE
C:\USERS\VADRU\DOCUMENTS\VISUAL STUDIO 2012\PROJECTS\THPSLEVEL\THPS LEVEL EDITOR\DEBUG\THPS LEVEL EDITOR.EXE.INTERMEDIATE.MANIFEST
C:\USERS\VADRU\DOCUMENTS\VISUAL STUDIO 2012\PROJECTS\THPSLEVEL\DEBUG\THPS LEVEL EDITOR.PDB
C:\USERS\VADRU\DOCUMENTS\VISUAL STUDIO 2012\PROJECTS\THPSLEVEL\THPS LEVEL EDITOR\DEBUG\METAGEN.WRITE.1.TLOG
C:\USERS\VADRU\DOCUMENTS\VISUAL STUDIO 2010\PROJECTS\THPSLEVEL\THPS-LEVEL-EDITOR\TRUNK\THPS LEVEL EDITOR\DEBUG\THPS LEVEL EDITOR.EXE.EMBED.MANIFEST
C:\USERS\VADRU\DOCUMENTS\VISUAL STUDIO 2010\PROJECTS\THPSLEVEL\THPS-LEVEL-EDITOR\TRUNK\THPS LEVEL EDITOR\DEBUG\APP.RES
C:\USERS\VADRU\DOCUMENTS\VISUAL STUDIO 2012\PROJECTS\THPSLEVEL\THPS LEVEL EDITOR\DEBUG\APP.RES
C:\Users\Vadru\Documents\Visual Studio 2012\Projects\THPSLevel\THPS Level Editor\Debug\THPSLevelEditor.THPSLevel.resources
C:\Users\Vadru\Documents\Visual Studio 2012\Projects\THPSLevel\THPS Level Editor\Debug\THPS Level Editor.vcxproj.GenerateResource.Cache
C:\Users\Vadru\Documents\Visual Studio 2012\Projects\THPSLevel\THPS Level Editor\Debug\THPS Level Editor.vcxprojResolveAssemblyReference.cache
C:\Users\Vadru\Documents\Visual Studio 2012\Projects\THPSLevel\THPS Level Editor\Debug\.NETFramework,Version=v4.0.AssemblyAttributes.obj
C:\Users\Vadru\Documents\Visual Studio 2012\Projects\THPSLevel\THPS Level Editor\Debug\.NETFramework,Version=v4.5.AssemblyAttributes.obj
C:\Users\Vadru\Documents\Visual Studio 2012\Projects\THPSLevel\THPS Level Editor\Debug\AssemblyInfo.obj
C:\Users\Vadru\Documents\Visual Studio 2012\Projects\THPSLevel\THPS Level Editor\Debug\Camera.obj
C:\Users\Vadru\Documents\Visual Studio 2012\Projects\THPSLevel\THPS Level Editor\Debug\Checksum.obj
C:\Users\Vadru\Documents\Visual Studio 2012\Projects\THPSLevel\THPS Level Editor\Debug\Collision.obj
C:\Users\Vadru\Documents\Visual Studio 2012\Projects\THPSLevel\THPS Level Editor\Debug\eventhandler.obj
C:\Users\Vadru\Documents\Visual Studio 2012\Projects\THPSLevel\THPS Level Editor\Debug\ImageHandling.obj
C:\Users\Vadru\Documents\Visual Studio 2012\Projects\THPSLevel\THPS Level Editor\Debug\Material.obj
C:\Users\Vadru\Documents\Visual Studio 2012\Projects\THPSLevel\THPS Level Editor\Debug\Mesh.obj
C:\Users\Vadru\Documents\Visual Studio 2012\Projects\THPSLevel\THPS Level Editor\Debug\Render.obj
C:\Users\Vadru\Documents\Visual Studio 2012\Projects\THPSLevel\THPS Level Editor\Debug\Scene.obj
C:\Users\Vadru\Documents\Visual Studio 2012\Projects\THPSLevel\THPS Level Editor\Debug\Script.obj
C:\Users\Vadru\Documents\Visual Studio 2012\Projects\THPSLevel\THPS Level Editor\Debug\stdafx.obj
C:\Users\Vadru\Documents\Visual Studio 2012\Projects\THPSLevel\THPS Level Editor\Debug\Th2Scene.obj
C:\Users\Vadru\Documents\Visual Studio 2012\Projects\THPSLevel\THPS Level Editor\Debug\Th4Scene.obj
C:\Users\Vadru\Documents\Visual Studio 2012\Projects\THPSLevel\THPS Level Editor\Debug\THPSLevel.obj
C:\Users\Vadru\Documents\Visual Studio 2012\Projects\THPSLevel\THPS Level Editor\Debug\cl.command.1.tlog
C:\Users\Vadru\Documents\Visual Studio 2012\Projects\THPSLevel\THPS Level Editor\Debug\CL.read.1.tlog
C:\Users\Vadru\Documents\Visual Studio 2012\Projects\THPSLevel\THPS Level Editor\Debug\CL.write.1.tlog
C:\Users\Vadru\Documents\Visual Studio 2012\Projects\THPSLevel\THPS Level Editor\Debug\link.1292-cvtres.read.1.tlog
C:\Users\Vadru\Documents\Visual Studio 2012\Projects\THPSLevel\THPS Level Editor\Debug\link.1292-cvtres.write.1.tlog
C:\Users\Vadru\Documents\Visual Studio 2012\Projects\THPSLevel\THPS Level Editor\Debug\link.1292.read.1.tlog
C:\Users\Vadru\Documents\Visual Studio 2012\Projects\THPSLevel\THPS Level Editor\Debug\link.1292.write.1.tlog
C:\Users\Vadru\Documents\Visual Studio 2012\Projects\THPSLevel\THPS Level Editor\Debug\link.1620.read.1.tlog
C:\Users\Vadru\Documents\Visual Studio 2012\Projects\THPSLevel\THPS Level Editor\Debug\link.1620.write.1.tlog
C:\Users\Vadru\Documents\Visual Studio 2012\Projects\THPSLevel\THPS Level Editor\Debug\link.1876-cvtres.read.1.tlog
C:\Users\Vadru\Documents\Visual Studio 2012\Projects\THPSLevel\THPS Level Editor\Debug\link.1876-cvtres.write.1.tlog
C:\Users\Vadru\Documents\Visual Studio 2012\Projects\THPSLevel\THPS Level Editor\Debug\link.1876.read.1.tlog
C:\Users\Vadru\Documents\Visual Studio 2012\Projects\THPSLevel\THPS Level Editor\Debug\link.1876.write.1.tlog
C:\Users\Vadru\Documents\Visual Studio 2012\Projects\THPSLevel\THPS Level Editor\Debug\link.2104-cvtres.read.1.tlog
C:\Users\Vadru\Documents\Visual Studio 2012\Projects\THPSLevel\THPS Level Editor\Debug\link.2104-cvtres.write.1.tlog
C:\Users\Vadru\Documents\Visual Studio 2012\Projects\THPSLevel\THPS Level Editor\Debug\link.2104.read.1.tlog
C:\Users\Vadru\Documents\Visual Studio 2012\Projects\THPSLevel\THPS Level Editor\Debug\link.2104.write.1.tlog
C:\Users\Vadru\Documents\Visual Studio 2012\Projects\THPSLevel\THPS Level Editor\Debug\link.2168-cvtres.read.1.tlog
C:\Users\Vadru\Documents\Visual Studio 2012\Projects\THPSLevel\THPS Level Editor\Debug\link.2168-cvtres.write.1.tlog
C:\Users\Vadru\Documents\Visual Studio 2012\Projects\THPSLevel\THPS Level Editor\Debug\link.2168.read.1.tlog
C:\Users\Vadru\Documents\Visual Studio 2012\Projects\THPSLevel\THPS Level Editor\Debug\link.2168.write.1.tlog
C:\Users\Vadru\Documents\Visual Studio 2012\Projects\THPSLevel\THPS Level Editor\Debug\link.2188-cvtres.read.1.tlog
C:\Users\Vadru\Documents\Visual Studio 2012\Projects\THPSLevel\THPS Level Editor\Debug\link.2188-cvtres.write.1.tlog
C:\Users\Vadru\Documents\Visual Studio 2012\Projects\THPSLevel\THPS Level Editor\Debug\link.2188.read.1.tlog
C:\Users\Vadru\Documents\Visual Studio 2012\Projects\THPSLevel\THPS Level Editor\Debug\link.2188.write.1.tlog
C:\Users\Vadru\Documents\Visual Studio 2012\Projects\THPSLevel\THPS Level Editor\Debug\link.2388-cvtres.read.1.tlog
C:\Users\Vadru\Documents\Visual Studio 2012\Projects\THPSLevel\THPS Level Editor\Debug\link.2388-cvtres.write.1.tlog
C:\Users\Vadru\Documents\Visual Studio 2012\Projects\THPSLevel\THPS Level Editor\Debug\link.2388.read.1.tlog
C:\Users\Vadru\Documents\Visual Studio 2012\Projects\THPSLevel\THPS Level Editor\Debug\link.2388.write.1.tlog
C:\Users\Vadru\Documents\Visual Studio 2012\Projects\THPSLevel\THPS Level Editor\Debug\link.2452-cvtres.read.1.tlog
C:\Users\Vadru\Documents\Visual Studio 2012\Projects\THPSLevel\THPS Level Editor\Debug\link.2452-cvtres.write.1.tlog
C:\Users\Vadru\Documents\Visual Studio 2012\Projects\THPSLevel\THPS Level Editor\Debug\link.2452.read.1.tlog
C:\Users\Vadru\Documents\Visual Studio 2012\Projects\THPSLevel\THPS Level Editor\Debug\link.2452.write.1.tlog
C:\Users\Vadru\Documents\Visual Studio 2012\Projects\THPSLevel\THPS Level Editor\Debug\link.2628-cvtres.read.1.tlog
C:\Users\Vadru\Documents\Visual Studio 2012\Projects\THPSLevel\THPS Level Editor\Debug\link.2628-cvtres.write.1.tlog
C:\Users\Vadru\Documents\Visual Studio 2012\Projects\THPSLevel\THPS Level Editor\Debug\link.2628.read.1.tlog
C:\Users\Vadru\Documents\Visual Studio 2012\Projects\THPSLevel\THPS Level Editor\Debug\link.2628.write.1.tlog
C:\Users\Vadru\Documents\Visual Studio 2012\Projects\THPSLevel\THPS Level Editor\Debug\link.2648.read.1.tlog
C:\Users\Vadru\Documents\Visual Studio 2012\Projects\THPSLevel\THPS Level Editor\Debug\link.2648.write.1.tlog
C:\Users\Vadru\Documents\Visual Studio 2012\Projects\THPSLevel\THPS Level Editor\Debug\link.2760-cvtres.read.1.tlog
C:\Users\Vadru\Documents\Visual Studio 2012\Projects\THPSLevel\THPS Level Editor\Debug\link.2760-cvtres.write.1.tlog
C:\Users\Vadru\Documents\Visual Studio 2012\Projects\THPSLevel\THPS Level Editor\Debug\link.2760.read.1.tlog
C:\Users\Vadru\Documents\Visual Studio 2012\Projects\THPSLevel\THPS Level Editor\Debug\link.2760.write.1.tlog
C:\Users\Vadru\Documents\Visual Studio 2012\Projects\THPSLevel\THPS Level Editor\Debug\link.2836-cvtres.read.1.tlog
C:\Users\Vadru\Documents\Visual Studio 2012\Projects\THPSLevel\THPS Level Editor\Debug\link.2836-cvtres.write.1.tlog
C:\Users\Vadru\Documents\Visual Studio 2012\Projects\THPSLevel\THPS Level Editor\Debug\link.2836.read.1.tlog
C:\Users\Vadru\Documents\Visual Studio 2012\Projects\THPSLevel\THPS Level Editor\Debug\link.2836.write.1.tlog
C:\Users\Vadru\Documents\Visual Studio 2012\Projects\THPSLevel\THPS Level Editor\Debug\link.2876-cvtres.read.1.tlog
C:\Users\Vadru\Documents\Visual Studio 2012\Projects\THPSLevel\THPS Level Editor\Debug\link.2876-cvtres.write.1.tlog
C:\Users\Vadru\Documents\Visual Studio 2012\Projects\THPSLevel\THPS Level Editor\Debug\link.2876.read.1.tlog
C:\Users\Vadru\Documents\Visual Studio 2012\Projects\THPSLevel\THPS Level Editor\Debug\link.2876.write.1.tlog
C:\Users\Vadru\Documents\Visual Studio 2012\Projects\THPSLevel\THPS Level Editor\Debug\link.2932-cvtres.read.1.tlog
C:\Users\Vadru\Documents\Visual Studio 2012\Projects\THPSLevel\THPS Level Editor\Debug\link.2932-cvtres.write.1.tlog
C:\Users\Vadru\Documents\Visual Studio 2012\Projects\THPSLevel\THPS Level Editor\Debug\link.2932.read.1.tlog
C:\Users\Vadru\Documents\Visual Studio 2012\Projects\THPSLevel\THPS Level Editor\Debug\link.2932.write.1.tlog
C:\Users\Vadru\Documents\Visual Studio 2012\Projects\THPSLevel\THPS Level Editor\Debug\link.3008.4820.read.1.tlog
C:\Users\Vadru\Documents\Visual Studio 2012\Projects\THPSLevel\THPS Level Editor\Debug\link.3008.4820.write.1.tlog
C:\Users\Vadru\Documents\Visual Studio 2012\Projects\THPSLevel\THPS Level Editor\Debug\link.3008.read.1.tlog
C:\Users\Vadru\Documents\Visual Studio 2012\Projects\THPSLevel\THPS Level Editor\Debug\link.3008.write.1.tlog
C:\Users\Vadru\Documents\Visual Studio 2012\Projects\THPSLevel\THPS Level Editor\Debug\link.3128-cvtres.read.1.tlog
C:\Users\Vadru\Documents\Visual Studio 2012\Projects\THPSLevel\THPS Level Editor\Debug\link.3128-cvtres.write.1.tlog
C:\Users\Vadru\Documents\Visual Studio 2012\Projects\THPSLevel\THPS Level Editor\Debug\link.3128.read.1.tlog
C:\Users\Vadru\Documents\Visual Studio 2012\Projects\THPSLevel\THPS Level Editor\Debug\link.3128.write.1.tlog
C:\Users\Vadru\Documents\Visual Studio 2012\Projects\THPSLevel\THPS Level Editor\Debug\link.3472-cvtres.read.1.tlog
C:\Users\Vadru\Documents\Visual Studio 2012\Projects\THPSLevel\THPS Level Editor\Debug\link.3472-cvtres.write.1.tlog
C:\Users\Vadru\Documents\Visual Studio 2012\Projects\THPSLevel\THPS Level Editor\Debug\link.3472.read.1.tlog
C:\Users\Vadru\Documents\Visual Studio 2012\Projects\THPSLevel\THPS Level Editor\Debug\link.3472.write.1.tlog
C:\Users\Vadru\Documents\Visual Studio 2012\Projects\THPSLevel\THPS Level Editor\Debug\link.3484-cvtres.read.1.tlog
C:\Users\Vadru\Documents\Visual Studio 2012\Projects\THPSLevel\THPS Level Editor\Debug\link.3484-cvtres.write.1.tlog
C:\Users\Vadru\Documents\Visual Studio 2012\Projects\THPSLevel\THPS Level Editor\Debug\link.3484.read.1.tlog
C:\Users\Vadru\Documents\Visual Studio 2012\Projects\THPSLevel\THPS Level Editor\Debug\link.3484.write.1.tlog
C:\Users\Vadru\Documents\Visual Studio 2012\Projects\THPSLevel\THPS Level Editor\Debug\link.4144-cvtres.read.1.tlog
C:\Users\Vadru\Documents\Visual Studio 2012\Projects\THPSLevel\THPS Level Editor\Debug\link.4144-cvtres.write.1.tlog
C:\Users\Vadru\Documents\Visual Studio 2012\Projects\THPSLevel\THPS Level Editor\Debug\link.4144-rc.read.1.tlog
C:\Users\Vadru\Documents\Visual Studio 2012\Projects\THPSLevel\THPS Level Editor\Debug\link.4144-rc.write.1.tlog
C:\Users\Vadru\Documents\Visual Studio 2012\Projects\THPSLevel\THPS Level Editor\Debug\link.4144.read.1.tlog
C:\Users\Vadru\Documents\Visual Studio 2012\Projects\THPSLevel\THPS Level Editor\Debug\link.4144.write.1.tlog
C:\Users\Vadru\Documents\Visual Studio 2012\Projects\THPSLevel\THPS Level Editor\Debug\link.4332-cvtres.read.1.tlog
C:\Users\Vadru\Documents\Visual Studio 2012\Projects\THPSLevel\THPS Level Editor\Debug\link.4332-cvtres.write.1.tlog
C:\Users\Vadru\Documents\Visual Studio 2012\Projects\THPSLevel\THPS Level Editor\Debug\link.4332.read.1.tlog
C:\Users\Vadru\Documents\Visual Studio 2012\Projects\THPSLevel\THPS Level Editor\Debug\link.4332.write.1.tlog
C:\Users\Vadru\Documents\Visual Studio 2012\Projects\THPSLevel\THPS Level Editor\Debug\link.4508-cvtres.read.1.tlog
C:\Users\Vadru\Documents\Visual Studio 2012\Projects\THPSLevel\THPS Level Editor\Debug\link.4508-cvtres.write.1.tlog
C:\Users\Vadru\Documents\Visual Studio 2012\Projects\THPSLevel\THPS Level Editor\Debug\link.4508.read.1.tlog
C:\Users\Vadru\Documents\Visual Studio 2012\Projects\THPSLevel\THPS Level Editor\Debug\link.4508.write.1.tlog
C:\Users\Vadru\Documents\Visual Studio 2012\Projects\THPSLevel\THPS Level Editor\Debug\link.4528-cvtres.read.1.tlog
C:\Users\Vadru\Documents\Visual Studio 2012\Projects\THPSLevel\THPS Level Editor\Debug\link.4528-cvtres.write.1.tlog
C:\Users\Vadru\Documents\Visual Studio 2012\Projects\THPSLevel\THPS Level Editor\Debug\link.4528.read.1.tlog
C:\Users\Vadru\Documents\Visual Studio 2012\Projects\THPSLevel\THPS Level Editor\Debug\link.4528.write.1.tlog
C:\Users\Vadru\Documents\Visual Studio 2012\Projects\THPSLevel\THPS Level Editor\Debug\link.4616-cvtres.read.1.tlog
C:\Users\Vadru\Documents\Visual Studio 2012\Projects\THPSLevel\THPS Level Editor\Debug\link.4616-cvtres.write.1.tlog
C:\Users\Vadru\Documents\Visual Studio 2012\Projects\THPSLevel\THPS Level Editor\Debug\link.4616.read.1.tlog
C:\Users\Vadru\Documents\Visual Studio 2012\Projects\THPSLevel\THPS Level Editor\Debug\link.4616.write.1.tlog
C:\Users\Vadru\Documents\Visual Studio 2012\Projects\THPSLevel\THPS Level Editor\Debug\link.4656-cvtres.read.1.tlog
C:\Users\Vadru\Documents\Visual Studio 2012\Projects\THPSLevel\THPS Level Editor\Debug\link.4656-cvtres.write.1.tlog
C:\Users\Vadru\Documents\Visual Studio 2012\Projects\THPSLevel\THPS Level Editor\Debug\link.4656.read.1.tlog
C:\Users\Vadru\Documents\Visual Studio 2012\Projects\THPSLevel\THPS Level Editor\Debug\link.4656.write.1.tlog
C:\Users\Vadru\Documents\Visual Studio 2012\Projects\THPSLevel\THPS Level Editor\Debug\link.4680-cvtres.read.1.tlog
C:\Users\Vadru\Documents\Visual Studio 2012\Projects\THPSLevel\THPS Level Editor\Debug\link.4680-cvtres.write.1.tlog
C:\Users\Vadru\Documents\Visual Studio 2012\Projects\THPSLevel\THPS Level Editor\Debug\link.4680.read.1.tlog
C:\Users\Vadru\Documents\Visual Studio 2012\Projects\THPSLevel\THPS Level Editor\Debug\link.4680.write.1.tlog
C:\Users\Vadru\Documents\Visual Studio 2012\Projects\THPSLevel\THPS Level Editor\Debug\link.4776-cvtres.read.1.tlog
C:\Users\Vadru\Documents\Visual Studio 2012\Projects\THPSLevel\THPS Level Editor\Debug\link.4776-cvtres.write.1.tlog
C:\Users\Vadru\Documents\Visual Studio 2012\Projects\THPSLevel\THPS Level Editor\Debug\link.4776.read.1.tlog
C:\Users\Vadru\Documents\Visual Studio 2012\Projects\THPSLevel\THPS Level Editor\Debug\link.4776.write.1.tlog
C:\Users\Vadru\Documents\Visual Studio 2012\Projects\THPSLevel\THPS Level Editor\Debug\link.4880-cvtres.read.1.tlog
C:\Users\Vadru\Documents\Visual Studio 2012\Projects\THPSLevel\THPS Level Editor\Debug\link.4880-cvtres.write.1.tlog
C:\Users\Vadru\Documents\Visual Studio 2012\Projects\THPSLevel\THPS Level Editor\Debug\link.4880.read.1.tlog
C:\Users\Vadru\Documents\Visual Studio 2012\Projects\THPSLevel\THPS Level Editor\Debug\link.4880.write.1.tlog
C:\Users\Vadru\Documents\Visual Studio 2012\Projects\THPSLevel\THPS Level Editor\Debug\link.5056-cvtres.read.1.tlog
C:\Users\Vadru\Documents\Visual Studio 2012\Projects\THPSLevel\THPS Level Editor\Debug\link.5056-cvtres.write.1.tlog
C:\Users\Vadru\Documents\Visual Studio 2012\Projects\THPSLevel\THPS Level Editor\Debug\link.5056.read.1.tlog
C:\Users\Vadru\Documents\Visual Studio 2012\Projects\THPSLevel\THPS Level Editor\Debug\link.5056.write.1.tlog
C:\Users\Vadru\Documents\Visual Studio 2012\Projects\THPSLevel\THPS Level Editor\Debug\link.5100-cvtres.read.1.tlog
C:\Users\Vadru\Documents\Visual Studio 2012\Projects\THPSLevel\THPS Level Editor\Debug\link.5100-cvtres.write.1.tlog
C:\Users\Vadru\Documents\Visual Studio 2012\Projects\THPSLevel\THPS Level Editor\Debug\link.5100.read.1.tlog
C:\Users\Vadru\Documents\Visual Studio 2012\Projects\THPSLevel\THPS Level Editor\Debug\link.5100.write.1.tlog
C:\Users\Vadru\Documents\Visual Studio 2012\Projects\THPSLevel\THPS Level Editor\Debug\link.5124.read.1.tlog
C:\Users\Vadru\Documents\Visual Studio 2012\Projects\THPSLevel\THPS Level Editor\Debug\link.5124.write.1.tlog
C:\Users\Vadru\Documents\Visual Studio 2012\Projects\THPSLevel\THPS Level Editor\Debug\link.5180-cvtres.read.1.tlog
C:\Users\Vadru\Documents\Visual Studio 2012\Projects\THPSLevel\THPS Level Editor\Debug\link.5180-cvtres.write.1.tlog
C:\Users\Vadru\Documents\Visual Studio 2012\Projects\THPSLevel\THPS Level Editor\Debug\link.5180.read.1.tlog
C:\Users\Vadru\Documents\Visual Studio 2012\Projects\THPSLevel\THPS Level Editor\Debug\link.5180.write.1.tlog
C:\Users\Vadru\Documents\Visual Studio 2012\Projects\THPSLevel\THPS Level Editor\Debug\link.5284.244-cvtres.read.1.tlog
C:\Users\Vadru\Documents\Visual Studio 2012\Projects\THPSLevel\THPS Level Editor\Debug\link.5284.244-cvtres.write.1.tlog
C:\Users\Vadru\Documents\Visual Studio 2012\Projects\THPSLevel\THPS Level Editor\Debug\link.5284.244.read.1.tlog
C:\Users\Vadru\Documents\Visual Studio 2012\Projects\THPSLevel\THPS Level Editor\Debug\link.5284.244.write.1.tlog
C:\Users\Vadru\Documents\Visual Studio 2012\Projects\THPSLevel\THPS Level Editor\Debug\link.5284.read.1.tlog
C:\Users\Vadru\Documents\Visual Studio 2012\Projects\THPSLevel\THPS Level Editor\Debug\link.5284.write.1.tlog
C:\Users\Vadru\Documents\Visual Studio 2012\Projects\THPSLevel\THPS Level Editor\Debug\link.5352-cvtres.read.1.tlog
C:\Users\Vadru\Documents\Visual Studio 2012\Projects\THPSLevel\THPS Level Editor\Debug\link.5352-cvtres.write.1.tlog
C:\Users\Vadru\Documents\Visual Studio 2012\Projects\THPSLevel\THPS Level Editor\Debug\link.5352.read.1.tlog
C:\Users\Vadru\Documents\Visual Studio 2012\Projects\THPSLevel\THPS Level Editor\Debug\link.5352.write.1.tlog
C:\Users\Vadru\Documents\Visual Studio 2012\Projects\THPSLevel\THPS Level Editor\Debug\link.5408-cvtres.read.1.tlog
C:\Users\Vadru\Documents\Visual Studio 2012\Projects\THPSLevel\THPS Level Editor\Debug\link.5408-cvtres.write.1.tlog
C:\Users\Vadru\Documents\Visual Studio 2012\Projects\THPSLevel\THPS Level Editor\Debug\link.5408.read.1.tlog
C:\Users\Vadru\Documents\Visual Studio 2012\Projects\THPSLevel\THPS Level Editor\Debug\link.5408.write.1.tlog
C:\Users\Vadru\Documents\Visual Studio 2012\Projects\THPSLevel\THPS Level Editor\Debug\link.5480.read.1.tlog
C:\Users\Vadru\Documents\Visual Studio 2012\Projects\THPSLevel\THPS Level Editor\Debug\link.5480.write.1.tlog
C:\Users\Vadru\Documents\Visual Studio 2012\Projects\THPSLevel\THPS Level Editor\Debug\link.5616-cvtres.read.1.tlog
C:\Users\Vadru\Documents\Visual Studio 2012\Projects\THPSLevel\THPS Level Editor\Debug\link.5616-cvtres.write.1.tlog
C:\Users\Vadru\Documents\Visual Studio 2012\Projects\THPSLevel\THPS Level Editor\Debug\link.5616.read.1.tlog
C:\Users\Vadru\Documents\Visual Studio 2012\Projects\THPSLevel\THPS Level Editor\Debug\link.5616.write.1.tlog
C:\Users\Vadru\Documents\Visual Studio 2012\Projects\THPSLevel\THPS Level Editor\Debug\link.5964-cvtres.read.1.tlog
C:\Users\Vadru\Documents\Visual Studio 2012\Projects\THPSLevel\THPS Level Editor\Debug\link.5964-cvtres.write.1.tlog
C:\Users\Vadru\Documents\Visual Studio 2012\Projects\THPSLevel\THPS Level Editor\Debug\link.5964.read.1.tlog
C:\Users\Vadru\Documents\Visual Studio 2012\Projects\THPSLevel\THPS Level Editor\Debug\link.5964.write.1.tlog
C:\Users\Vadru\Documents\Visual Studio 2012\Projects\THPSLevel\THPS Level Editor\Debug\link.776-cvtres.read.1.tlog
C:\Users\Vadru\Documents\Visual Studio 2012\Projects\THPSLevel\THPS Level Editor\Debug\link.776-cvtres.write.1.tlog
C:\Users\Vadru\Documents\Visual Studio 2012\Projects\THPSLevel\THPS Level Editor\Debug\link.776.read.1.tlog
C:\Users\Vadru\Documents\Visual Studio 2012\Projects\THPSLevel\THPS Level Editor\Debug\link.776.write.1.tlog
C:\Users\Vadru\Documents\Visual Studio 2012\Projects\THPSLevel\THPS Level Editor\Debug\link.8208.8148-cvtres.read.1.tlog
C:\Users\Vadru\Documents\Visual Studio 2012\Projects\THPSLevel\THPS Level Editor\Debug\link.8208.8148-cvtres.write.1.tlog
C:\Users\Vadru\Documents\Visual Studio 2012\Projects\THPSLevel\THPS Level Editor\Debug\link.8208.8148.read.1.tlog
C:\Users\Vadru\Documents\Visual Studio 2012\Projects\THPSLevel\THPS Level Editor\Debug\link.8208.8148.write.1.tlog
C:\Users\Vadru\Documents\Visual Studio 2012\Projects\THPSLevel\THPS Level Editor\Debug\link.8208.read.1.tlog
C:\Users\Vadru\Documents\Visual Studio 2012\Projects\THPSLevel\THPS Level Editor\Debug\link.8208.write.1.tlog
C:\Users\Vadru\Documents\Visual Studio 2012\Projects\THPSLevel\THPS Level Editor\Debug\link.command.1.tlog
C:\Users\Vadru\Documents\Visual Studio 2012\Projects\THPSLevel\THPS Level Editor\Debug\link.read.1.tlog
C:\Users\Vadru\Documents\Visual Studio 2012\Projects\THPSLevel\THPS Level Editor\Debug\link.write.1.tlog
C:\Users\Vadru\Documents\Visual Studio 2012\Projects\THPSLevel\THPS Level Editor\Debug\metagen.read.1.tlog
C:\Users\Vadru\Documents\Visual Studio 2012\Projects\THPSLevel\THPS Level Editor\Debug\metagen.write.1.tlog
C:\Users\Vadru\Documents\Visual Studio 2012\Projects\THPSLevel\THPS Level Editor\Debug\mt.command.1.tlog
C:\Users\Vadru\Documents\Visual Studio 2012\Projects\THPSLevel\THPS Level Editor\Debug\mt.read.1.tlog
C:\Users\Vadru\Documents\Visual Studio 2012\Projects\THPSLevel\THPS Level Editor\Debug\mt.write.1.tlog
C:\Users\Vadru\Documents\Visual Studio 2012\Projects\THPSLevel\THPS Level Editor\Debug\rc.command.1.tlog
C:\Users\Vadru\Documents\Visual Studio 2012\Projects\THPSLevel\THPS Level Editor\Debug\rc.read.1.tlog
C:\Users\Vadru\Documents\Visual Studio 2012\Projects\THPSLevel\THPS Level Editor\Debug\rc.write.1.tlog
C:\Users\Vadru\Documents\Visual Studio 2012\Projects\THPSLevel\THPS Level Editor\Debug\THPS Level Editor.write.1.tlog
C:\Users\Vadru\Documents\Visual Studio 2012\Projects\THPSLevel\THPS Level Editor\Debug\THPS Level Editor.exe.embed.manifest
C:\Users\Vadru\Documents\Visual Studio 2012\Projects\THPSLevel\THPS Level Editor\Debug\THPS Level Editor.exe.intermediate.manifest
C:\Users\Vadru\Documents\Visual Studio 2012\Projects\THPSLevel\THPS Level Editor\Debug\app.res
C:\Users\Vadru\Documents\Visual Studio 2012\Projects\THPSLevel\THPS Level Editor\Debug\THPS Level Editor.pch
C:\Users\Vadru\Documents\Visual Studio 2012\Projects\THPSLevel\THPS Level Editor\Debug\vc100.pdb
C:\Users\Vadru\Documents\Visual Studio 2012\Projects\THPSLevel\THPS Level Editor\Debug\vc110.pdb
C:\Users\Vadru\Documents\Visual Studio 2012\Projects\THPSLevel\THPS Level Editor\Debug\MICROSOFT.VISUALC.DLL.metagen
C:\Users\Vadru\Documents\Visual Studio 2012\Projects\THPSLevel\THPS Level Editor\Debug\SYSTEM.DATA.DLL.metagen
C:\Users\Vadru\Documents\Visual Studio 2012\Projects\THPSLevel\THPS Level Editor\Debug\SYSTEM.DLL.metagen
C:\Users\Vadru\Documents\Visual Studio 2012\Projects\THPSLevel\THPS Level Editor\Debug\SYSTEM.DRAWING.DLL.metagen
C:\Users\Vadru\Documents\Visual Studio 2012\Projects\THPSLevel\THPS Level Editor\Debug\SYSTEM.WINDOWS.FORMS.DLL.metagen
C:\Users\Vadru\Documents\Visual Studio 2012\Projects\THPSLevel\THPS Level Editor\Debug\SYSTEM.XML.DLL.metagen
C:\Users\Vadru\Documents\Visual Studio 2012\Projects\THPSLevel\THPS Level Editor\Debug\CLUI.DLL.bi
C:\Users\Vadru\Documents\Visual Studio 2012\Projects\THPSLevel\THPS Level Editor\Debug\RSAENH.DLL.bi
C:\Users\Vadru\Documents\Visual Studio 2012\Projects\THPSLevel\THPS Level Editor\Debug\TZRES.DLL.bi
C:\Users\Vadru\Documents\Visual Studio 2012\Projects\THPSLevel\Debug\THPS Level Editor.pdb
C:\Users\Vadru\Documents\Visual Studio 2012\Projects\THPSLevel\Debug\THPS Level Editor.ilk
