C:\Program Files (x86)\Microsoft Visual Studio\2019\Professional\MSBuild\Microsoft\VC\v160\Microsoft.CppBuild.targets(459,5): warning MSB8028: The intermediate directory (Debug\) contains files shared from another project (THPS Level Editor.vcxproj).  This can lead to incorrect clean and rebuild behavior.
  THPSLevel.cpp
  Th2xScene.cpp
  Generating Code...
  Script.cpp
  Camera.cpp
  Checksum.cpp
  Collision.cpp
  Material.cpp
  Mesh.cpp
  Render.cpp
  Scene.cpp
  Th2Scene.cpp
  Th4Scene.cpp
  eventhandler.cpp
cl : command line warning D9025: overriding '/JMC' with '/clr'
  .NETFramework,Version=v4.5.2.AssemblyAttributes.cpp
LINK : warning LNK4075: ignoring '/INCREMENTAL' due to '/PROFILE' specification
  Camera.obj : MSIL .netmodule or module compiled with /GL found; restarting link with /LTCG; add /LTCG to the link command line to improve linker performance
LINK : warning LNK4075: ignoring '/INCREMENTAL' due to '/LTCG' specification
  Generating code
  Finished generating code
  THPS Level Editor.vcxproj -> C:\Users\Vadru\Documents\Visual Studio 2019\THPS LevelEd\Debug\THPS LevelEd.exe
