c:\users\ojojoj\documents\visual studio 2013\projects\thpslevel\thps level editor\release\assemblyinfo.obj
c:\users\ojojoj\documents\visual studio 2013\projects\thpslevel\thps level editor\release\collision.obj
c:\users\ojojoj\documents\visual studio 2013\projects\thpslevel\thps level editor\release\material.obj
c:\users\ojojoj\documents\visual studio 2013\projects\thpslevel\thps level editor\release\th4scene.obj
c:\users\ojojoj\documents\visual studio 2013\projects\thpslevel\thps level editor\release\eventhandler.obj
c:\users\ojojoj\documents\visual studio 2013\projects\thpslevel\thps level editor\release\th2scene.obj
c:\users\ojojoj\documents\visual studio 2013\projects\thpslevel\thps level editor\release\camera.obj
c:\users\ojojoj\documents\visual studio 2013\projects\thpslevel\thps level editor\release\scene.obj
c:\users\ojojoj\documents\visual studio 2013\projects\thpslevel\thps level editor\release\checksum.obj
c:\users\ojojoj\documents\visual studio 2013\projects\thpslevel\thps level editor\release\imagehandling.obj
c:\users\ojojoj\documents\visual studio 2013\projects\thpslevel\thps level editor\release\mesh.obj
c:\users\ojojoj\documents\visual studio 2013\projects\thpslevel\thps level editor\release\vc120.pdb
c:\users\ojojoj\documents\visual studio 2013\projects\thpslevel\thps level editor\release\stdafx.obj
c:\users\ojojoj\documents\visual studio 2013\projects\thpslevel\thps level editor\release\.netframework,version=v4.5.assemblyattributes.obj
c:\users\ojojoj\documents\visual studio 2013\projects\thpslevel\thps level editor\release\render.obj
c:\users\ojojoj\documents\visual studio 2013\projects\thpslevel\thps level editor\release\script.obj
c:\users\ojojoj\documents\visual studio 2013\projects\thpslevel\thps level editor\release\thpslevel.obj
c:\users\ojojoj\documents\visual studio 2013\projects\thpslevel\release\thps level editor1.exe
c:\users\ojojoj\documents\visual studio 2013\projects\thpslevel\release\thps level editor1.pdb
c:\users\ojojoj\documents\visual studio 2013\projects\thpslevel\thps level editor\release\app.res
c:\users\ojojoj\documents\visual studio 2013\projects\thpslevel\thps level editor\release\thpsleveleditor.thpslevel.resources
c:\users\ojojoj\documents\visual studio 2013\projects\thpslevel\thps level editor\release\thps level editor.vcxproj.generateresource.cache
c:\users\ojojoj\documents\visual studio 2013\projects\thpslevel\thps level editor\release\thps level editor.vcxprojresolveassemblyreference.cache
c:\users\ojojoj\documents\visual studio 2013\projects\thpslevel\thps level editor\release\thps lev.455cff00.tlog\cl.command.1.tlog
c:\users\ojojoj\documents\visual studio 2013\projects\thpslevel\thps level editor\release\thps lev.455cff00.tlog\cl.read.1.tlog
c:\users\ojojoj\documents\visual studio 2013\projects\thpslevel\thps level editor\release\thps lev.455cff00.tlog\cl.write.1.tlog
c:\users\ojojoj\documents\visual studio 2013\projects\thpslevel\thps level editor\release\thps lev.455cff00.tlog\link.command.1.tlog
c:\users\ojojoj\documents\visual studio 2013\projects\thpslevel\thps level editor\release\thps lev.455cff00.tlog\link.read.1.tlog
c:\users\ojojoj\documents\visual studio 2013\projects\thpslevel\thps level editor\release\thps lev.455cff00.tlog\link.write.1.tlog
c:\users\ojojoj\documents\visual studio 2013\projects\thpslevel\thps level editor\release\thps lev.455cff00.tlog\metagen.read.1.tlog
c:\users\ojojoj\documents\visual studio 2013\projects\thpslevel\thps level editor\release\thps lev.455cff00.tlog\metagen.write.1.tlog
c:\users\ojojoj\documents\visual studio 2013\projects\thpslevel\thps level editor\release\thps lev.455cff00.tlog\rc.command.1.tlog
c:\users\ojojoj\documents\visual studio 2013\projects\thpslevel\thps level editor\release\thps lev.455cff00.tlog\rc.read.1.tlog
c:\users\ojojoj\documents\visual studio 2013\projects\thpslevel\thps level editor\release\thps lev.455cff00.tlog\rc.write.1.tlog
c:\users\ojojoj\documents\visual studio 2013\projects\thpslevel\thps level editor\release\thps lev.455cff00.tlog\thps level editor.write.1u.tlog
c:\users\ojojoj\documents\visual studio 2013\projects\thpslevel\thps level editor\release\thps lev.455cff00.tlog\rsaenh.dll.bi
c:\users\ojojoj\documents\visual studio 2013\projects\thpslevel\thps level editor\release\thps lev.455cff00.tlog\tzres.dll.bi
